<?xml version="1.0" encoding="UTF-8"?>
<!-- Generated by org.testng.reporters.JUnitReportReporter -->
<testsuite hostname="DESKTOP-T4MFR2V" failures="0" tests="5" name="OrangeHRM.TestScript.LoginTest" time="69.599" errors="0" timestamp="2023-09-25T15:42:38 IST" skipped="0">
  <testcase classname="OrangeHRM.TestScript.LoginTest" name="loginTest" time="17.702"/>
  <testcase classname="OrangeHRM.TestScript.LoginTest" name="loginTest" time="14.011"/>
  <testcase classname="OrangeHRM.TestScript.LoginTest" name="loginTest" time="16.330"/>
  <testcase classname="OrangeHRM.TestScript.LoginTest" name="loginTest" time="11.896"/>
  <testcase classname="OrangeHRM.TestScript.LoginTest" name="loginTest" time="9.660"/>
</testsuite> <!-- OrangeHRM.TestScript.LoginTest -->
